-------------------------------------------------------------------------------
Test set: br.com.zup.estrelas.trilhas.nivel.desafio1.desafio1.Desafio1ApplicationTests
-------------------------------------------------------------------------------
Tests run: 1, Failures: 0, Errors: 1, Skipped: 0, Time elapsed: 0.49 s <<< FAILURE! - in br.com.zup.estrelas.trilhas.nivel.desafio1.desafio1.Desafio1ApplicationTests
br.com.zup.estrelas.trilhas.nivel.desafio1.desafio1.Desafio1ApplicationTests  Time elapsed: 0.487 s  <<< ERROR!
java.lang.IllegalStateException: Unable to find a @SpringBootConfiguration, you need to use @ContextConfiguration or @SpringBootTest(classes=...) with your test

