<?xml version="1.0" encoding="UTF-8"?>
<testsuite xmlns:xsi="http://www.w3.org/2001/XMLSchema-instance" xsi:noNamespaceSchemaLocation="https://maven.apache.org/surefire/maven-surefire-plugin/xsd/surefire-test-report.xsd" name="br.com.zup.estrelas.trilhas.nivel.desafio1.desafio1.Desafio1ApplicationTests" time="0.49" tests="1" errors="1" skipped="0" failures="0">
  <properties>
[...]
</properties>
  <testcase name="br.com.zup.estrelas.trilhas.nivel.desafio1.desafio1.Desafio1ApplicationTests" classname="br.com.zup.estrelas.trilhas.nivel.desafio1.desafio1.Desafio1ApplicationTests" time="0.487">
    <error message="Unable to find a @SpringBootConfiguration, you need to use @ContextConfiguration or @SpringBootTest(classes=...) with your test" type="java.lang.IllegalStateException">java.lang.IllegalStateException: Unable to find a @SpringBootConfiguration, you need to use @ContextConfiguration or @SpringBootTest(classes=...) with your test
</error>
    <system-out><![CDATA[17:00:23.086 [main] DEBUG org.springframework.test.context.BootstrapUtils - Instantiating CacheAwareContextLoaderDelegate from class [org.springframework.test.context.cache.DefaultCacheAwareContextLoaderDelegate]
17:00:23.112 [main] DEBUG org.springframework.test.context.BootstrapUtils - Instantiating BootstrapContext using constructor [public org.springframework.test.context.support.DefaultBootstrapContext(java.lang.Class,org.springframework.test.context.CacheAwareContextLoaderDelegate)]
17:00:23.185 [main] DEBUG org.springframework.test.context.BootstrapUtils - Instantiating TestContextBootstrapper for test class [br.com.zup.estrelas.trilhas.nivel.desafio1.desafio1.Desafio1ApplicationTests] from class [org.springframework.boot.test.context.SpringBootTestContextBootstrapper]
17:00:23.213 [main] INFO org.springframework.boot.test.context.SpringBootTestContextBootstrapper - Neither @ContextConfiguration nor @ContextHierarchy found for test class [br.com.zup.estrelas.trilhas.nivel.desafio1.desafio1.Desafio1ApplicationTests], using SpringBootContextLoader
17:00:23.219 [main] DEBUG org.springframework.test.context.support.AbstractContextLoader - Did not detect default resource location for test class [br.com.zup.estrelas.trilhas.nivel.desafio1.desafio1.Desafio1ApplicationTests]: class path resource [br/com/zup/estrelas/trilhas/nivel/desafio1/desafio1/Desafio1ApplicationTests-context.xml] does not exist
17:00:23.220 [main] DEBUG org.springframework.test.context.support.AbstractContextLoader - Did not detect default resource location for test class [br.com.zup.estrelas.trilhas.nivel.desafio1.desafio1.Desafio1ApplicationTests]: class path resource [br/com/zup/estrelas/trilhas/nivel/desafio1/desafio1/Desafio1ApplicationTestsContext.groovy] does not exist
17:00:23.221 [main] INFO org.springframework.test.context.support.AbstractContextLoader - Could not detect default resource locations for test class [br.com.zup.estrelas.trilhas.nivel.desafio1.desafio1.Desafio1ApplicationTests]: no resource found for suffixes {-context.xml, Context.groovy}.
17:00:23.222 [main] INFO org.springframework.test.context.support.AnnotationConfigContextLoaderUtils - Could not detect default configuration classes for test class [br.com.zup.estrelas.trilhas.nivel.desafio1.desafio1.Desafio1ApplicationTests]: Desafio1ApplicationTests does not declare any static, non-private, non-final, nested classes annotated with @Configuration.
17:00:23.315 [main] DEBUG org.springframework.test.context.support.ActiveProfilesUtils - Could not find an 'annotation declaring class' for annotation type [org.springframework.test.context.ActiveProfiles] and class [br.com.zup.estrelas.trilhas.nivel.desafio1.desafio1.Desafio1ApplicationTests]
17:00:23.392 [main] DEBUG org.springframework.test.context.BootstrapUtils - Instantiating CacheAwareContextLoaderDelegate from class [org.springframework.test.context.cache.DefaultCacheAwareContextLoaderDelegate]
17:00:23.393 [main] DEBUG org.springframework.test.context.BootstrapUtils - Instantiating BootstrapContext using constructor [public org.springframework.test.context.support.DefaultBootstrapContext(java.lang.Class,org.springframework.test.context.CacheAwareContextLoaderDelegate)]
17:00:23.397 [main] DEBUG org.springframework.test.context.BootstrapUtils - Instantiating TestContextBootstrapper for test class [br.com.zup.estrelas.trilhas.nivel.desafio1.desafio1.Desafio1ApplicationTests] from class [org.springframework.boot.test.context.SpringBootTestContextBootstrapper]
17:00:23.398 [main] INFO org.springframework.boot.test.context.SpringBootTestContextBootstrapper - Neither @ContextConfiguration nor @ContextHierarchy found for test class [br.com.zup.estrelas.trilhas.nivel.desafio1.desafio1.Desafio1ApplicationTests], using SpringBootContextLoader
17:00:23.400 [main] DEBUG org.springframework.test.context.support.AbstractContextLoader - Did not detect default resource location for test class [br.com.zup.estrelas.trilhas.nivel.desafio1.desafio1.Desafio1ApplicationTests]: class path resource [br/com/zup/estrelas/trilhas/nivel/desafio1/desafio1/Desafio1ApplicationTests-context.xml] does not exist
17:00:23.401 [main] DEBUG org.springframework.test.context.support.AbstractContextLoader - Did not detect default resource location for test class [br.com.zup.estrelas.trilhas.nivel.desafio1.desafio1.Desafio1ApplicationTests]: class path resource [br/com/zup/estrelas/trilhas/nivel/desafio1/desafio1/Desafio1ApplicationTestsContext.groovy] does not exist
17:00:23.401 [main] INFO org.springframework.test.context.support.AbstractContextLoader - Could not detect default resource locations for test class [br.com.zup.estrelas.trilhas.nivel.desafio1.desafio1.Desafio1ApplicationTests]: no resource found for suffixes {-context.xml, Context.groovy}.
17:00:23.403 [main] INFO org.springframework.test.context.support.AnnotationConfigContextLoaderUtils - Could not detect default configuration classes for test class [br.com.zup.estrelas.trilhas.nivel.desafio1.desafio1.Desafio1ApplicationTests]: Desafio1ApplicationTests does not declare any static, non-private, non-final, nested classes annotated with @Configuration.
17:00:23.408 [main] DEBUG org.springframework.test.context.support.ActiveProfilesUtils - Could not find an 'annotation declaring class' for annotation type [org.springframework.test.context.ActiveProfiles] and class [br.com.zup.estrelas.trilhas.nivel.desafio1.desafio1.Desafio1ApplicationTests]
17:00:23.425 [main] DEBUG org.springframework.test.context.BootstrapUtils - Instantiating CacheAwareContextLoaderDelegate from class [org.springframework.test.context.cache.DefaultCacheAwareContextLoaderDelegate]
17:00:23.425 [main] DEBUG org.springframework.test.context.BootstrapUtils - Instantiating BootstrapContext using constructor [public org.springframework.test.context.support.DefaultBootstrapContext(java.lang.Class,org.springframework.test.context.CacheAwareContextLoaderDelegate)]
17:00:23.428 [main] DEBUG org.springframework.test.context.BootstrapUtils - Instantiating TestContextBootstrapper for test class [br.com.zup.estrelas.trilhas.nivel.desafio1.desafio1.Desafio1ApplicationTests] from class [org.springframework.boot.test.context.SpringBootTestContextBootstrapper]
17:00:23.430 [main] INFO org.springframework.boot.test.context.SpringBootTestContextBootstrapper - Neither @ContextConfiguration nor @ContextHierarchy found for test class [br.com.zup.estrelas.trilhas.nivel.desafio1.desafio1.Desafio1ApplicationTests], using SpringBootContextLoader
17:00:23.431 [main] DEBUG org.springframework.test.context.support.AbstractContextLoader - Did not detect default resource location for test class [br.com.zup.estrelas.trilhas.nivel.desafio1.desafio1.Desafio1ApplicationTests]: class path resource [br/com/zup/estrelas/trilhas/nivel/desafio1/desafio1/Desafio1ApplicationTests-context.xml] does not exist
17:00:23.433 [main] DEBUG org.springframework.test.context.support.AbstractContextLoader - Did not detect default resource location for test class [br.com.zup.estrelas.trilhas.nivel.desafio1.desafio1.Desafio1ApplicationTests]: class path resource [br/com/zup/estrelas/trilhas/nivel/desafio1/desafio1/Desafio1ApplicationTestsContext.groovy] does not exist
17:00:23.433 [main] INFO org.springframework.test.context.support.AbstractContextLoader - Could not detect default resource locations for test class [br.com.zup.estrelas.trilhas.nivel.desafio1.desafio1.Desafio1ApplicationTests]: no resource found for suffixes {-context.xml, Context.groovy}.
17:00:23.434 [main] INFO org.springframework.test.context.support.AnnotationConfigContextLoaderUtils - Could not detect default configuration classes for test class [br.com.zup.estrelas.trilhas.nivel.desafio1.desafio1.Desafio1ApplicationTests]: Desafio1ApplicationTests does not declare any static, non-private, non-final, nested classes annotated with @Configuration.
17:00:23.439 [main] DEBUG org.springframework.test.context.support.ActiveProfilesUtils - Could not find an 'annotation declaring class' for annotation type [org.springframework.test.context.ActiveProfiles] and class [br.com.zup.estrelas.trilhas.nivel.desafio1.desafio1.Desafio1ApplicationTests]
]]></system-out>
  </testcase>
</testsuite>